<?xml version="1.0" encoding="utf-8"?><testsuites name="pytest tests"><testsuite name="pytest" errors="0" failures="0" skipped="0" tests="6" time="1.048" timestamp="2026-03-20T12:00:22.542649+00:00" hostname="agent-env-2ade87de-51e7-4922-aeca-7fb6c6a4f44c"><testcase classname="backend.tests.test_football_analyzer.TestHealthAndHistory" name="test_root_endpoint" time="0.303" /><testcase classname="backend.tests.test_football_analyzer.TestHealthAndHistory" name="test_get_analyses_returns_list" time="0.143" /><testcase classname="backend.tests.test_football_analyzer.TestHealthAndHistory" name="test_get_analyses_structure" time="0.169" /><testcase classname="backend.tests.test_football_analyzer.TestAnalyzeEndpoint" name="test_analyze_missing_fields_returns_error" time="0.098" /><testcase classname="backend.tests.test_football_analyzer.TestAnalyzeEndpoint" name="test_analyze_partial_fields_returns_error" time="0.106" /><testcase classname="backend.tests.test_football_analyzer.TestAnalyzeEndpoint" name="test_analyze_result_persisted_in_history" time="0.135" /></testsuite></testsuites>