<?xml version="1.0" encoding="utf-8"?><testsuites name="pytest tests"><testsuite name="pytest" errors="0" failures="0" skipped="0" tests="11" time="59.122" timestamp="2026-03-20T21:53:35.840259+00:00" hostname="agent-env-2ade87de-51e7-4922-aeca-7fb6c6a4f44c"><testcase classname="backend.tests.test_web_search_features.TestRootEndpoint" name="test_root_message_contains_web_search" time="0.268" /><testcase classname="backend.tests.test_web_search_features.TestWebSearchAnalysis" name="test_web_search_used_field_present" time="58.465" /><testcase classname="backend.tests.test_web_search_features.TestWebSearchAnalysis" name="test_web_search_used_is_true" time="0.000" /><testcase classname="backend.tests.test_web_search_features.TestWebSearchAnalysis" name="test_web_queries_found_field_present" time="0.000" /><testcase classname="backend.tests.test_web_search_features.TestWebSearchAnalysis" name="test_web_queries_found_greater_than_zero" time="0.000" /><testcase classname="backend.tests.test_web_search_features.TestWebSearchAnalysis" name="test_1x2_probabilities_sum_to_one" time="0.000" /><testcase classname="backend.tests.test_web_search_features.TestWebSearchAnalysis" name="test_over_under_pairs_sum_to_one" time="0.000" /><testcase classname="backend.tests.test_web_search_features.TestWebSearchAnalysis" name="test_corners_pairs_sum_to_one" time="0.000" /><testcase classname="backend.tests.test_web_search_features.TestWebSearchAnalysis" name="test_exact_scores_present" time="0.000" /><testcase classname="backend.tests.test_web_search_features.TestWebSearchAnalysis" name="test_exact_scores_have_odds_compatible_prob" time="0.000" /><testcase classname="backend.tests.test_web_search_features.TestWebSearchAnalysis" name="test_analysis_saved_to_history" time="0.206" /></testsuite></testsuites>